#
# There is insufficient memory for the Java Runtime Environment to continue.
# Native memory allocation (malloc) failed to allocate 2097152 bytes for AllocateHeap
# Possible reasons:
#   The system is out of physical RAM or swap space
#   The process is running with CompressedOops enabled, and the Java Heap may be blocking the growth of the native heap
# Possible solutions:
#   Reduce memory load on the system
#   Increase physical memory or swap space
#   Check if swap backing store is full
#   Decrease Java heap size (-Xmx/-Xms)
#   Decrease number of Java threads
#   Decrease Java thread stack sizes (-Xss)
#   Set larger code cache with -XX:ReservedCodeCacheSize=
#   JVM is running with Unscaled Compressed Oops mode in which the Java heap is
#     placed in the first 4GB address space. The Java Heap base address is the
#     maximum limit for the native heap growth. Please use -XX:HeapBaseMinAddress
#     to set the Java Heap base and to place the Java Heap above 4GB virtual address.
# This output file may be truncated or incomplete.
#
#  Out of Memory Error (allocation.cpp:44), pid=20492, tid=11868
#
# JRE version: OpenJDK Runtime Environment Temurin-17.0.3+7 (17.0.3+7) (build 17.0.3+7)
# Java VM: OpenJDK 64-Bit Server VM Temurin-17.0.3+7 (17.0.3+7, mixed mode, emulated-client, tiered, compressed oops, compressed class ptrs, g1 gc, windows-amd64)
# No core dump will be written. Minidumps are not enabled by default on client versions of Windows
#

---------------  S U M M A R Y ------------

Command Line: -Dsts.lsp.client=vscode -Dsts.log.file=/dev/null -XX:TieredStopAtLevel=1 -Dspring.config.location=file:c:\Users\lenovo\.vscode\extensions\pivotal.vscode-spring-boot-1.38.0\language-server\BOOT-INF\classes\application.properties org.springframework.ide.vscode.boot.app.BootLanguageServerBootApp

Host: Intel(R) Core(TM) i5-4300U CPU @ 1.90GHz, 4 cores, 7G,  Windows 10 , 64 bit Build 19041 (10.0.19041.1889)
Time: Thu Aug 25 18:05:10 2022 India Standard Time elapsed time: 71519.730816 seconds (0d 19h 51m 59s)

---------------  T H R E A D  ---------------

Current thread (0x000001ff0e0c5590):  VMThread "VM Thread" [stack: 0x000000a076a00000,0x000000a076b00000] [id=11868]

Stack: [0x000000a076a00000,0x000000a076b00000]
Native frames: (J=compiled Java code, j=interpreted, Vv=VM code, C=native code)
V  [jvm.dll+0x675efa]
V  [jvm.dll+0x830a24]
V  [jvm.dll+0x8321ce]
V  [jvm.dll+0x832833]
V  [jvm.dll+0x2454b5]
V  [jvm.dll+0xa6393]
V  [jvm.dll+0x2f5651]
V  [jvm.dll+0x2f12d0]
V  [jvm.dll+0x2d99b7]
V  [jvm.dll+0x31cac7]
V  [jvm.dll+0x836cdb]
V  [jvm.dll+0x837a14]
V  [jvm.dll+0x837f2c]
V  [jvm.dll+0x838304]
V  [jvm.dll+0x8383d0]
V  [jvm.dll+0x7e0cfa]
V  [jvm.dll+0x674d85]
C  [ucrtbase.dll+0x21bb2]
C  [KERNEL32.DLL+0x17034]
C  [ntdll.dll+0x52651]

VM_Operation (0x000000a077cff020): G1CollectFull, mode: safepoint, requested by thread 0x000001ff108d0d80


---------------  P R O C E S S  ---------------

Threads class SMR info:
_java_thread_list=0x000001ff10de3410, length=21, elements={
0x000001ff0e0deb50, 0x000001ff0e0df8d0, 0x000001ff0ec085b0, 0x000001ff0ec0c250,
0x000001ff0ec0df20, 0x000001ff0ec0e7e0, 0x000001ff0ec0f150, 0x000001ff0ec0fa50,
0x000001ff0ee14db0, 0x000001ff0ee132b0, 0x000001ff108d0d80, 0x000001ff0f400bb0,
0x000001ff7f5fbfe0, 0x000001ff108a8140, 0x000001ff108a7c70, 0x000001ff108a8610,
0x000001ff10db7890, 0x000001ff10db6a20, 0x000001ff10db8700, 0x000001ff10dbc0c0,
0x000001ff10db6ef0
}

Java Threads: ( => current thread )
  0x000001ff0e0deb50 JavaThread "Reference Handler" daemon [_thread_blocked, id=21736, stack(0x000000a076b00000,0x000000a076c00000)]
  0x000001ff0e0df8d0 JavaThread "Finalizer" daemon [_thread_blocked, id=21680, stack(0x000000a076c00000,0x000000a076d00000)]
  0x000001ff0ec085b0 JavaThread "Signal Dispatcher" daemon [_thread_blocked, id=14828, stack(0x000000a076d00000,0x000000a076e00000)]
  0x000001ff0ec0c250 JavaThread "Attach Listener" daemon [_thread_blocked, id=5484, stack(0x000000a076e00000,0x000000a076f00000)]
  0x000001ff0ec0df20 JavaThread "Service Thread" daemon [_thread_blocked, id=23556, stack(0x000000a076f00000,0x000000a077000000)]
  0x000001ff0ec0e7e0 JavaThread "Monitor Deflation Thread" daemon [_thread_blocked, id=7496, stack(0x000000a077000000,0x000000a077100000)]
  0x000001ff0ec0f150 JavaThread "C1 CompilerThread0" daemon [_thread_blocked, id=22700, stack(0x000000a077100000,0x000000a077200000)]
  0x000001ff0ec0fa50 JavaThread "Sweeper thread" daemon [_thread_blocked, id=16900, stack(0x000000a077200000,0x000000a077300000)]
  0x000001ff0ee14db0 JavaThread "Notification Thread" daemon [_thread_blocked, id=18872, stack(0x000000a077500000,0x000000a077600000)]
  0x000001ff0ee132b0 JavaThread "Common-Cleaner" daemon [_thread_blocked, id=3248, stack(0x000000a077700000,0x000000a077800000)]
  0x000001ff108d0d80 JavaThread "pool-7-thread-1" [_thread_blocked, id=26536, stack(0x000000a077c00000,0x000000a077d00000)]
  0x000001ff0f400bb0 JavaThread "LanguageServerApp-lifecycle" [_thread_blocked, id=26540, stack(0x000000a077d00000,0x000000a077e00000)]
  0x000001ff7f5fbfe0 JavaThread "DestroyJavaVM" [_thread_blocked, id=19436, stack(0x000000a076400000,0x000000a076500000)]
  0x000001ff108a8140 JavaThread "pool-8-thread-1" [_thread_in_native, id=26576, stack(0x000000a078600000,0x000000a078700000)]
  0x000001ff108a7c70 JavaThread "Simple-Language-Server main thread" daemon [_thread_blocked, id=26056, stack(0x000000a077400000,0x000000a077500000)]
  0x000001ff108a8610 JavaThread "parallel-1" daemon [_thread_blocked, id=17832, stack(0x000000a077e00000,0x000000a077f00000)]
  0x000001ff10db7890 JavaThread "pool-5-thread-1" [_thread_blocked, id=22588, stack(0x000000a077f00000,0x000000a078000000)]
  0x000001ff10db6a20 JavaThread "parallel-2" daemon [_thread_blocked, id=4524, stack(0x000000a078000000,0x000000a078100000)]
  0x000001ff10db8700 JavaThread "Reconciler-1" daemon [_thread_blocked, id=3964, stack(0x000000a078100000,0x000000a078200000)]
  0x000001ff10dbc0c0 JavaThread "parallel-3" daemon [_thread_blocked, id=10864, stack(0x000000a078200000,0x000000a078300000)]
  0x000001ff10db6ef0 JavaThread "parallel-4" daemon [_thread_blocked, id=9584, stack(0x000000a077900000,0x000000a077a00000)]

Other Threads:
=>0x000001ff0e0c5590 VMThread "VM Thread" [stack: 0x000000a076a00000,0x000000a076b00000] [id=11868]
  0x000001ff0ee15280 WatcherThread [stack: 0x000000a077600000,0x000000a077700000] [id=19576]
  0x000001ff7f659310 GCTaskThread "GC Thread#0" [stack: 0x000000a076500000,0x000000a076600000] [id=20840]
  0x000001ff0effbcf0 GCTaskThread "GC Thread#1" [stack: 0x000000a076300000,0x000000a076400000] [id=26324]
  0x000001ff0f22d590 GCTaskThread "GC Thread#2" [stack: 0x000000a077300000,0x000000a077400000] [id=26328]
  0x000001ff0ed0c4c0 GCTaskThread "GC Thread#3" [stack: 0x000000a077800000,0x000000a077900000] [id=26340]
  0x000001ff7f66bdc0 ConcurrentGCThread "G1 Main Marker" [stack: 0x000000a076600000,0x000000a076700000] [id=24940]
  0x000001ff7f66c6e0 ConcurrentGCThread "G1 Conc#0" [stack: 0x000000a076700000,0x000000a076800000] [id=8784]
  0x000001ff7f6c1740 ConcurrentGCThread "G1 Refine#0" [stack: 0x000000a076800000,0x000000a076900000] [id=24384]
  0x000001ff103f0310 ConcurrentGCThread "G1 Refine#1" [stack: 0x000000a078700000,0x000000a078800000] [id=26604]
  0x000001ff103f1730 ConcurrentGCThread "G1 Refine#2" [stack: 0x000000a076200000,0x000000a076300000] [id=10716]
  0x000001ff103f1a10 ConcurrentGCThread "G1 Refine#3" [stack: 0x000000a078900000,0x000000a078a00000] [id=25460]
  0x000001ff7f6c2070 ConcurrentGCThread "G1 Service" [stack: 0x000000a076900000,0x000000a076a00000] [id=1824]

Threads with active compile tasks:

VM state: at safepoint (normal execution)

VM Mutex/Monitor currently owned by a thread:  ([mutex/lock_event])
[0x000001ff7f4e6e10] Threads_lock - owner thread: 0x000001ff0e0c5590
[0x000001ff7f5fa980] Heap_lock - owner thread: 0x000001ff108d0d80

Heap address: 0x0000000081e00000, size: 2018 MB, Compressed Oops mode: 32-bit

CDS archive(s) not mapped
Compressed class space mapped at: 0x0000000100000000-0x0000000140000000, reserved size: 1073741824
Narrow klass base: 0x0000000000000000, Narrow klass shift: 3, Narrow klass range: 0x140000000

GC Precious Log:
 CPUs: 4 total, 4 available
 Memory: 8070M
 Large Page Support: Disabled
 NUMA Support: Disabled
 Compressed Oops: Enabled (32-bit)
 Heap Region Size: 1M
 Heap Min Capacity: 8M
 Heap Initial Capacity: 128M
 Heap Max Capacity: 2018M
 Pre-touch: Disabled
 Parallel Workers: 4
 Concurrent Workers: 1
 Concurrent Refinement Workers: 4
 Periodic GC: Disabled

Heap:
 garbage-first heap   total 78848K, used 23272K [0x0000000081e00000, 0x0000000100000000)
  region size 1024K, 1 young (1024K), 0 survivors (0K)
 Metaspace       used 42162K, committed 42432K, reserved 1089536K
  class space    used 5912K, committed 6016K, reserved 1048576K

Heap Regions: E=young(eden), S=young(survivor), O=old, HS=humongous(starts), HC=humongous(continues), CS=collection set, F=free, OA=open archive, CA=closed archive, TAMS=top-at-mark-start (previous, next)
|   0|0x0000000081e00000, 0x0000000081effff0, 0x0000000081f00000| 99%| O|  |TAMS 0x0000000081effff0, 0x0000000081e00000| Untracked 
|   1|0x0000000081f00000, 0x0000000082000000, 0x0000000082000000|100%| O|  |TAMS 0x0000000082000000, 0x0000000081f00000| Untracked 
|   2|0x0000000082000000, 0x00000000820f81e0, 0x0000000082100000| 96%| O|  |TAMS 0x00000000820f81e0, 0x0000000082000000| Untracked 
|   3|0x0000000082100000, 0x0000000082200000, 0x0000000082200000|100%| O|  |TAMS 0x0000000082200000, 0x0000000082100000| Untracked 
|   4|0x0000000082200000, 0x0000000082300000, 0x0000000082300000|100%| O|  |TAMS 0x0000000082300000, 0x0000000082200000| Untracked 
|   5|0x0000000082300000, 0x0000000082400000, 0x0000000082400000|100%| O|  |TAMS 0x0000000082400000, 0x0000000082300000| Untracked 
|   6|0x0000000082400000, 0x00000000824fffe0, 0x0000000082500000| 99%| O|  |TAMS 0x00000000824fffe0, 0x0000000082400000| Untracked 
|   7|0x0000000082500000, 0x00000000825ffff0, 0x0000000082600000| 99%| O|  |TAMS 0x00000000825ffff0, 0x0000000082500000| Untracked 
|   8|0x0000000082600000, 0x00000000826ffff8, 0x0000000082700000| 99%| O|  |TAMS 0x00000000826ffff8, 0x0000000082600000| Untracked 
|   9|0x0000000082700000, 0x00000000827fffe8, 0x0000000082800000| 99%| O|  |TAMS 0x00000000827fffe8, 0x0000000082700000| Untracked 
|  10|0x0000000082800000, 0x0000000082900000, 0x0000000082900000|100%| O|  |TAMS 0x0000000082900000, 0x0000000082800000| Untracked 
|  11|0x0000000082900000, 0x0000000082a00000, 0x0000000082a00000|100%| O|  |TAMS 0x0000000082a00000, 0x0000000082900000| Untracked 
|  12|0x0000000082a00000, 0x0000000082afffe0, 0x0000000082b00000| 99%| O|  |TAMS 0x0000000082afffe0, 0x0000000082a00000| Untracked 
|  13|0x0000000082b00000, 0x0000000082c00000, 0x0000000082c00000|100%| O|  |TAMS 0x0000000082c00000, 0x0000000082b00000| Untracked 
|  14|0x0000000082c00000, 0x0000000082cfffd0, 0x0000000082d00000| 99%| O|  |TAMS 0x0000000082cfffd0, 0x0000000082c00000| Untracked 
|  15|0x0000000082d00000, 0x0000000082dffff0, 0x0000000082e00000| 99%| O|  |TAMS 0x0000000082dffff0, 0x0000000082d00000| Untracked 
|  16|0x0000000082e00000, 0x0000000082efffd0, 0x0000000082f00000| 99%| O|  |TAMS 0x0000000082efffd0, 0x0000000082e00000| Untracked 
|  17|0x0000000082f00000, 0x0000000082fc2150, 0x0000000083000000| 75%| O|  |TAMS 0x0000000082f00000, 0x0000000082f00000| Untracked 
|  18|0x0000000083000000, 0x0000000083100000, 0x0000000083100000|100%| O|  |TAMS 0x0000000083100000, 0x0000000083000000| Untracked 
|  19|0x0000000083100000, 0x00000000831ffff0, 0x0000000083200000| 99%| O|  |TAMS 0x00000000831ffff0, 0x0000000083100000| Untracked 
|  20|0x0000000083200000, 0x0000000083200048, 0x0000000083300000|  0%| O|  |TAMS 0x0000000083200000, 0x0000000083200000| Untracked 
|  21|0x0000000083300000, 0x0000000083300000, 0x0000000083400000|  0%| F|  |TAMS 0x0000000083300000, 0x0000000083300000| Untracked 
|  22|0x0000000083400000, 0x0000000083500000, 0x0000000083500000|100%| O|  |TAMS 0x0000000083500000, 0x0000000083400000| Untracked 
|  23|0x0000000083500000, 0x0000000083500000, 0x0000000083600000|  0%| F|  |TAMS 0x0000000083500000, 0x0000000083500000| Untracked 
|  24|0x0000000083600000, 0x0000000083600000, 0x0000000083700000|  0%| F|  |TAMS 0x0000000083600000, 0x0000000083600000| Untracked 
|  25|0x0000000083700000, 0x0000000083700000, 0x0000000083800000|  0%| F|  |TAMS 0x0000000083700000, 0x0000000083700000| Untracked 
|  26|0x0000000083800000, 0x0000000083800000, 0x0000000083900000|  0%| F|  |TAMS 0x0000000083800000, 0x0000000083800000| Untracked 
|  27|0x0000000083900000, 0x0000000083a00000, 0x0000000083a00000|100%| O|  |TAMS 0x0000000083a00000, 0x0000000083900000| Untracked 
|  28|0x0000000083a00000, 0x0000000083a00000, 0x0000000083b00000|  0%| F|  |TAMS 0x0000000083a00000, 0x0000000083a00000| Untracked 
|  29|0x0000000083b00000, 0x0000000083b00000, 0x0000000083c00000|  0%| F|  |TAMS 0x0000000083b00000, 0x0000000083b00000| Untracked 
|  30|0x0000000083c00000, 0x0000000083c00000, 0x0000000083d00000|  0%| F|  |TAMS 0x0000000083c00000, 0x0000000083c00000| Untracked 
|  31|0x0000000083d00000, 0x0000000083d00000, 0x0000000083e00000|  0%| F|  |TAMS 0x0000000083d00000, 0x0000000083d00000| Untracked 
|  32|0x0000000083e00000, 0x0000000083e00000, 0x0000000083f00000|  0%| F|  |TAMS 0x0000000083e00000, 0x0000000083e00000| Untracked 
|  33|0x0000000083f00000, 0x0000000084000000, 0x0000000084000000|100%| O|  |TAMS 0x0000000084000000, 0x0000000083f00000| Untracked 
|  34|0x0000000084000000, 0x0000000084000000, 0x0000000084100000|  0%| F|  |TAMS 0x0000000084000000, 0x0000000084000000| Untracked 
|  35|0x0000000084100000, 0x0000000084100000, 0x0000000084200000|  0%| F|  |TAMS 0x0000000084100000, 0x0000000084100000| Untracked 
|  36|0x0000000084200000, 0x0000000084200000, 0x0000000084300000|  0%| F|  |TAMS 0x0000000084200000, 0x0000000084200000| Untracked 
|  37|0x0000000084300000, 0x0000000084300000, 0x0000000084400000|  0%| F|  |TAMS 0x0000000084300000, 0x0000000084300000| Untracked 
|  38|0x0000000084400000, 0x0000000084400000, 0x0000000084500000|  0%| F|  |TAMS 0x0000000084400000, 0x0000000084400000| Untracked 
|  39|0x0000000084500000, 0x0000000084500000, 0x0000000084600000|  0%| F|  |TAMS 0x0000000084500000, 0x0000000084500000| Untracked 
|  40|0x0000000084600000, 0x0000000084600000, 0x0000000084700000|  0%| F|  |TAMS 0x0000000084600000, 0x0000000084600000| Untracked 
|  41|0x0000000084700000, 0x0000000084700000, 0x0000000084800000|  0%| F|  |TAMS 0x0000000084700000, 0x0000000084700000| Untracked 
|  42|0x0000000084800000, 0x0000000084800000, 0x0000000084900000|  0%| F|  |TAMS 0x0000000084800000, 0x0000000084800000| Untracked 
|  43|0x0000000084900000, 0x0000000084900000, 0x0000000084a00000|  0%| F|  |TAMS 0x0000000084900000, 0x0000000084900000| Untracked 
|  44|0x0000000084a00000, 0x0000000084a00000, 0x0000000084b00000|  0%| F|  |TAMS 0x0000000084a00000, 0x0000000084a00000| Untracked 
|  45|0x0000000084b00000, 0x0000000084b00000, 0x0000000084c00000|  0%| F|  |TAMS 0x0000000084b00000, 0x0000000084b00000| Untracked 
|  46|0x0000000084c00000, 0x0000000084c00000, 0x0000000084d00000|  0%| F|  |TAMS 0x0000000084c00000, 0x0000000084c00000| Untracked 
|  47|0x0000000084d00000, 0x0000000084d00000, 0x0000000084e00000|  0%| F|  |TAMS 0x0000000084d00000, 0x0000000084d00000| Untracked 
|  48|0x0000000084e00000, 0x0000000084e00000, 0x0000000084f00000|  0%| F|  |TAMS 0x0000000084e00000, 0x0000000084e00000| Untracked 
|  49|0x0000000084f00000, 0x0000000084f00000, 0x0000000085000000|  0%| F|  |TAMS 0x0000000084f00000, 0x0000000084f00000| Untracked 
|  50|0x0000000085000000, 0x0000000085000000, 0x0000000085100000|  0%| F|  |TAMS 0x0000000085000000, 0x0000000085000000| Untracked 
|  51|0x0000000085100000, 0x0000000085100000, 0x0000000085200000|  0%| F|  |TAMS 0x0000000085100000, 0x0000000085100000| Untracked 
|  52|0x0000000085200000, 0x0000000085200000, 0x0000000085300000|  0%| F|  |TAMS 0x0000000085200000, 0x0000000085200000| Untracked 
|  53|0x0000000085300000, 0x0000000085300000, 0x0000000085400000|  0%| F|  |TAMS 0x0000000085300000, 0x0000000085300000| Untracked 
|  54|0x0000000085400000, 0x0000000085400000, 0x0000000085500000|  0%| F|  |TAMS 0x0000000085400000, 0x0000000085400000| Untracked 
|  55|0x0000000085500000, 0x0000000085500000, 0x0000000085600000|  0%| F|  |TAMS 0x0000000085500000, 0x0000000085500000| Untracked 
|  56|0x0000000085600000, 0x0000000085600000, 0x0000000085700000|  0%| F|  |TAMS 0x0000000085600000, 0x0000000085600000| Untracked 
|  57|0x0000000085700000, 0x0000000085700000, 0x0000000085800000|  0%| F|  |TAMS 0x0000000085700000, 0x0000000085700000| Untracked 
|  58|0x0000000085800000, 0x0000000085800000, 0x0000000085900000|  0%| F|  |TAMS 0x0000000085800000, 0x0000000085800000| Untracked 
|  59|0x0000000085900000, 0x0000000085900000, 0x0000000085a00000|  0%| F|  |TAMS 0x0000000085900000, 0x0000000085900000| Untracked 
|  60|0x0000000085a00000, 0x0000000085a00000, 0x0000000085b00000|  0%| F|  |TAMS 0x0000000085a00000, 0x0000000085a00000| Untracked 
|  61|0x0000000085b00000, 0x0000000085b00000, 0x0000000085c00000|  0%| F|  |TAMS 0x0000000085b00000, 0x0000000085b00000| Untracked 
|  62|0x0000000085c00000, 0x0000000085c00000, 0x0000000085d00000|  0%| F|  |TAMS 0x0000000085c00000, 0x0000000085c00000| Untracked 
|  63|0x0000000085d00000, 0x0000000085d00000, 0x0000000085e00000|  0%| F|  |TAMS 0x0000000085d00000, 0x0000000085d00000| Untracked 
|  64|0x0000000085e00000, 0x0000000085e00000, 0x0000000085f00000|  0%| F|  |TAMS 0x0000000085e00000, 0x0000000085e00000| Untracked 
|  65|0x0000000085f00000, 0x0000000085f00000, 0x0000000086000000|  0%| F|  |TAMS 0x0000000085f00000, 0x0000000085f00000| Untracked 
|  66|0x0000000086000000, 0x0000000086000000, 0x0000000086100000|  0%| F|  |TAMS 0x0000000086000000, 0x0000000086000000| Untracked 
|  67|0x0000000086100000, 0x0000000086100000, 0x0000000086200000|  0%| F|  |TAMS 0x0000000086100000, 0x0000000086100000| Untracked 
|  68|0x0000000086200000, 0x0000000086200000, 0x0000000086300000|  0%| F|  |TAMS 0x0000000086200000, 0x0000000086200000| Untracked 
|  69|0x0000000086300000, 0x0000000086300000, 0x0000000086400000|  0%| F|  |TAMS 0x0000000086300000, 0x0000000086300000| Untracked 
|  70|0x0000000086400000, 0x0000000086400000, 0x0000000086500000|  0%| F|  |TAMS 0x0000000086400000, 0x0000000086400000| Untracked 
|  71|0x0000000086500000, 0x0000000086500000, 0x0000000086600000|  0%| F|  |TAMS 0x0000000086500000, 0x0000000086500000| Untracked 
|  72|0x0000000086600000, 0x0000000086600000, 0x0000000086700000|  0%| F|  |TAMS 0x0000000086600000, 0x0000000086600000| Untracked 
|  73|0x0000000086700000, 0x0000000086700000, 0x0000000086800000|  0%| F|  |TAMS 0x0000000086700000, 0x0000000086700000| Untracked 
|  74|0x0000000086800000, 0x0000000086800000, 0x0000000086900000|  0%| F|  |TAMS 0x0000000086800000, 0x0000000086800000| Untracked 
|  75|0x0000000086900000, 0x0000000086900000, 0x0000000086a00000|  0%| F|  |TAMS 0x0000000086900000, 0x0000000086900000| Untracked 
|  76|0x0000000086a00000, 0x0000000086a05af8, 0x0000000086b00000|  2%| E|  |TAMS 0x0000000086a00000, 0x0000000086a00000| Complete 

Card table byte_map: [0x000001ff073c0000,0x000001ff077c0000] _byte_map_base: 0x000001ff06fb1000

Marking Bits (Prev, Next): (CMBitMap*) 0x000001ff7f65b890, (CMBitMap*) 0x000001ff7f65b850
 Prev Bits: [0x000001ff09b50000, 0x000001ff0bad8000)
 Next Bits: [0x000001ff07bc0000, 0x000001ff09b48000)

Polling page: 0x000001ff7fa70000

Metaspace:

Usage:
  Non-class:     35.40 MB used.
      Class:      5.77 MB used.
       Both:     41.17 MB used.

Virtual space:
  Non-class space:       40.00 MB reserved,      35.56 MB ( 89%) committed,  5 nodes.
      Class space:        1.00 GB reserved,       5.88 MB ( <1%) committed,  1 nodes.
             Both:        1.04 GB reserved,      41.44 MB (  4%) committed. 

Chunk freelists:
   Non-Class:  293.00 KB
       Class:  2.07 MB
        Both:  2.36 MB

MaxMetaspaceSize: unlimited
CompressedClassSpaceSize: 1.00 GB
Initial GC threshold: 21.00 MB
Current GC threshold: 68.88 MB
CDS: off
MetaspaceReclaimPolicy: balanced
 - commit_granule_bytes: 65536.
 - commit_granule_words: 8192.
 - virtual_space_node_default_size: 1048576.
 - enlarge_chunks_in_place: 1.
 - new_chunks_are_fully_committed: 0.
 - uncommit_free_chunks: 1.
 - use_allocation_guard: 0.
 - handle_deallocations: 1.


Internal statistics:

num_allocs_failed_limit: 5.
num_arena_births: 434.
num_arena_deaths: 116.
num_vsnodes_births: 6.
num_vsnodes_deaths: 0.
num_space_committed: 663.
num_space_uncommitted: 0.
num_chunks_returned_to_freelist: 139.
num_chunks_taken_from_freelist: 1741.
num_chunk_merges: 46.
num_chunk_splits: 1180.
num_chunks_enlarged: 926.
num_purges: 8.
num_inconsistent_stats: 0.

CodeCache: size=49152Kb used=10909Kb max_used=11421Kb free=38242Kb
 bounds [0x000001ff03fc0000, 0x000001ff04af0000, 0x000001ff06fc0000]
 total_blobs=6438 nmethods=5883 adapters=482
 compilation: enabled
              stopped_count=0, restarted_count=0
 full_count=0

Compilation events (20 events):
Event: 53370.326 Thread 0x000001ff0ec0f150 5878       1       java.util.Spliterators$1Adapter::<init> (15 bytes)
Event: 53370.326 Thread 0x000001ff0ec0f150 nmethod 5878 0x000001ff04862410 code [0x000001ff048625a0, 0x000001ff048626b8]
Event: 53370.438 Thread 0x000001ff0ec0f150 5879       1       java.nio.charset.Charset::forName (20 bytes)
Event: 53370.438 Thread 0x000001ff0ec0f150 nmethod 5879 0x000001ff04862010 code [0x000001ff048621c0, 0x000001ff04862338]
Event: 53371.625 Thread 0x000001ff0ec0f150 5880       1       com.google.gson.internal.bind.TypeAdapters$7::read (6 bytes)
Event: 53371.626 Thread 0x000001ff0ec0f150 nmethod 5880 0x000001ff04861a90 code [0x000001ff04861c60, 0x000001ff04861e88]
Event: 53371.626 Thread 0x000001ff0ec0f150 5881   !   1       com.google.gson.internal.bind.TypeAdapters$7::read (34 bytes)
Event: 53371.626 Thread 0x000001ff0ec0f150 nmethod 5881 0x000001ff04861410 code [0x000001ff04861600, 0x000001ff048618f8]
Event: 53515.002 Thread 0x000001ff0ec0f150 5882       1       java.io.StringReader::<init> (28 bytes)
Event: 53515.003 Thread 0x000001ff0ec0f150 nmethod 5882 0x000001ff04860f90 code [0x000001ff04861120, 0x000001ff048612f8]
Event: 53522.644 Thread 0x000001ff0ec0f150 5883   !   1       java.lang.String::lookupCharset (20 bytes)
Event: 53522.644 Thread 0x000001ff0ec0f150 nmethod 5883 0x000001ff04860890 code [0x000001ff04860a60, 0x000001ff04860d78]
Event: 53744.436 Thread 0x000001ff0ec0f150 5884       1       org.eclipse.lsp4j.jsonrpc.messages.Message::<init> (11 bytes)
Event: 53744.436 Thread 0x000001ff0ec0f150 nmethod 5884 0x000001ff04860590 code [0x000001ff04860720, 0x000001ff04860838]
Event: 53744.437 Thread 0x000001ff0ec0f150 5885       1       org.springframework.ide.vscode.commons.languageserver.util.ParentProcessWatcher$$Lambda$403/0x0000000100442e38::consume (13 bytes)
Event: 53744.438 Thread 0x000001ff0ec0f150 nmethod 5885 0x000001ff04860010 code [0x000001ff048601e0, 0x000001ff04860418]
Event: 53744.439 Thread 0x000001ff0ec0f150 5886   !   1       org.springframework.ide.vscode.commons.languageserver.util.ParentProcessWatcher::lambda$apply$0 (30 bytes)
Event: 53744.439 Thread 0x000001ff0ec0f150 nmethod 5886 0x000001ff0485fb10 code [0x000001ff0485fce0, 0x000001ff0485fef8]
Event: 53744.812 Thread 0x000001ff0ec0f150 5887       1       java.util.concurrent.SynchronousQueue$TransferStack::casHead (26 bytes)
Event: 53744.817 Thread 0x000001ff0ec0f150 nmethod 5887 0x000001ff0485f290 code [0x000001ff0485f480, 0x000001ff0485f918]

GC Heap History (20 events):
Event: 71413.091 GC heap before
{Heap before GC invocations=2433 (full 2395):
 garbage-first heap   total 78848K, used 23272K [0x0000000081e00000, 0x0000000100000000)
  region size 1024K, 1 young (1024K), 0 survivors (0K)
 Metaspace       used 42162K, committed 42432K, reserved 1089536K
  class space    used 5912K, committed 6016K, reserved 1048576K
}
Event: 71413.140 GC heap after
{Heap after GC invocations=2434 (full 2396):
 garbage-first heap   total 78848K, used 23272K [0x0000000081e00000, 0x0000000100000000)
  region size 1024K, 0 young (0K), 0 survivors (0K)
 Metaspace       used 42162K, committed 42432K, reserved 1089536K
  class space    used 5912K, committed 6016K, reserved 1048576K
}
Event: 71423.635 GC heap before
{Heap before GC invocations=2434 (full 2396):
 garbage-first heap   total 78848K, used 23272K [0x0000000081e00000, 0x0000000100000000)
  region size 1024K, 1 young (1024K), 0 survivors (0K)
 Metaspace       used 42162K, committed 42432K, reserved 1089536K
  class space    used 5912K, committed 6016K, reserved 1048576K
}
Event: 71423.694 GC heap after
{Heap after GC invocations=2435 (full 2397):
 garbage-first heap   total 78848K, used 23272K [0x0000000081e00000, 0x0000000100000000)
  region size 1024K, 0 young (0K), 0 survivors (0K)
 Metaspace       used 42162K, committed 42432K, reserved 1089536K
  class space    used 5912K, committed 6016K, reserved 1048576K
}
Event: 71434.213 GC heap before
{Heap before GC invocations=2435 (full 2397):
 garbage-first heap   total 78848K, used 23272K [0x0000000081e00000, 0x0000000100000000)
  region size 1024K, 1 young (1024K), 0 survivors (0K)
 Metaspace       used 42162K, committed 42432K, reserved 1089536K
  class space    used 5912K, committed 6016K, reserved 1048576K
}
Event: 71434.286 GC heap after
{Heap after GC invocations=2436 (full 2398):
 garbage-first heap   total 78848K, used 23272K [0x0000000081e00000, 0x0000000100000000)
  region size 1024K, 0 young (0K), 0 survivors (0K)
 Metaspace       used 42162K, committed 42432K, reserved 1089536K
  class space    used 5912K, committed 6016K, reserved 1048576K
}
Event: 71444.778 GC heap before
{Heap before GC invocations=2436 (full 2398):
 garbage-first heap   total 78848K, used 23272K [0x0000000081e00000, 0x0000000100000000)
  region size 1024K, 1 young (1024K), 0 survivors (0K)
 Metaspace       used 42162K, committed 42432K, reserved 1089536K
  class space    used 5912K, committed 6016K, reserved 1048576K
}
Event: 71444.839 GC heap after
{Heap after GC invocations=2437 (full 2399):
 garbage-first heap   total 78848K, used 23272K [0x0000000081e00000, 0x0000000100000000)
  region size 1024K, 0 young (0K), 0 survivors (0K)
 Metaspace       used 42162K, committed 42432K, reserved 1089536K
  class space    used 5912K, committed 6016K, reserved 1048576K
}
Event: 71455.837 GC heap before
{Heap before GC invocations=2437 (full 2399):
 garbage-first heap   total 78848K, used 23272K [0x0000000081e00000, 0x0000000100000000)
  region size 1024K, 1 young (1024K), 0 survivors (0K)
 Metaspace       used 42162K, committed 42432K, reserved 1089536K
  class space    used 5912K, committed 6016K, reserved 1048576K
}
Event: 71455.900 GC heap after
{Heap after GC invocations=2438 (full 2400):
 garbage-first heap   total 78848K, used 23272K [0x0000000081e00000, 0x0000000100000000)
  region size 1024K, 0 young (0K), 0 survivors (0K)
 Metaspace       used 42162K, committed 42432K, reserved 1089536K
  class space    used 5912K, committed 6016K, reserved 1048576K
}
Event: 71466.593 GC heap before
{Heap before GC invocations=2438 (full 2400):
 garbage-first heap   total 78848K, used 23272K [0x0000000081e00000, 0x0000000100000000)
  region size 1024K, 1 young (1024K), 0 survivors (0K)
 Metaspace       used 42162K, committed 42432K, reserved 1089536K
  class space    used 5912K, committed 6016K, reserved 1048576K
}
Event: 71466.653 GC heap after
{Heap after GC invocations=2439 (full 2401):
 garbage-first heap   total 78848K, used 23272K [0x0000000081e00000, 0x0000000100000000)
  region size 1024K, 0 young (0K), 0 survivors (0K)
 Metaspace       used 42162K, committed 42432K, reserved 1089536K
  class space    used 5912K, committed 6016K, reserved 1048576K
}
Event: 71477.242 GC heap before
{Heap before GC invocations=2439 (full 2401):
 garbage-first heap   total 78848K, used 23272K [0x0000000081e00000, 0x0000000100000000)
  region size 1024K, 1 young (1024K), 0 survivors (0K)
 Metaspace       used 42162K, committed 42432K, reserved 1089536K
  class space    used 5912K, committed 6016K, reserved 1048576K
}
Event: 71477.302 GC heap after
{Heap after GC invocations=2440 (full 2402):
 garbage-first heap   total 78848K, used 23272K [0x0000000081e00000, 0x0000000100000000)
  region size 1024K, 0 young (0K), 0 survivors (0K)
 Metaspace       used 42162K, committed 42432K, reserved 1089536K
  class space    used 5912K, committed 6016K, reserved 1048576K
}
Event: 71487.832 GC heap before
{Heap before GC invocations=2440 (full 2402):
 garbage-first heap   total 78848K, used 23272K [0x0000000081e00000, 0x0000000100000000)
  region size 1024K, 1 young (1024K), 0 survivors (0K)
 Metaspace       used 42162K, committed 42432K, reserved 1089536K
  class space    used 5912K, committed 6016K, reserved 1048576K
}
Event: 71487.903 GC heap after
{Heap after GC invocations=2441 (full 2403):
 garbage-first heap   total 78848K, used 23272K [0x0000000081e00000, 0x0000000100000000)
  region size 1024K, 0 young (0K), 0 survivors (0K)
 Metaspace       used 42162K, committed 42432K, reserved 1089536K
  class space    used 5912K, committed 6016K, reserved 1048576K
}
Event: 71498.618 GC heap before
{Heap before GC invocations=2441 (full 2403):
 garbage-first heap   total 78848K, used 23272K [0x0000000081e00000, 0x0000000100000000)
  region size 1024K, 1 young (1024K), 0 survivors (0K)
 Metaspace       used 42162K, committed 42432K, reserved 1089536K
  class space    used 5912K, committed 6016K, reserved 1048576K
}
Event: 71498.686 GC heap after
{Heap after GC invocations=2442 (full 2404):
 garbage-first heap   total 78848K, used 23272K [0x0000000081e00000, 0x0000000100000000)
  region size 1024K, 0 young (0K), 0 survivors (0K)
 Metaspace       used 42162K, committed 42432K, reserved 1089536K
  class space    used 5912K, committed 6016K, reserved 1048576K
}
Event: 71509.547 GC heap before
{Heap before GC invocations=2442 (full 2404):
 garbage-first heap   total 78848K, used 23272K [0x0000000081e00000, 0x0000000100000000)
  region size 1024K, 1 young (1024K), 0 survivors (0K)
 Metaspace       used 42162K, committed 42432K, reserved 1089536K
  class space    used 5912K, committed 6016K, reserved 1048576K
}
Event: 71509.615 GC heap after
{Heap after GC invocations=2443 (full 2405):
 garbage-first heap   total 78848K, used 23272K [0x0000000081e00000, 0x0000000100000000)
  region size 1024K, 0 young (0K), 0 survivors (0K)
 Metaspace       used 42162K, committed 42432K, reserved 1089536K
  class space    used 5912K, committed 6016K, reserved 1048576K
}

Deoptimization events (20 events):
Event: 45681.620 Thread 0x000001ff106a3190 DEOPT PACKING pc=0x000001ff0463252b sp=0x000000a077bfe910
Event: 45681.620 Thread 0x000001ff106a3190 DEOPT UNPACKING pc=0x000001ff04012b43 sp=0x000000a077bfde58 mode 3
Event: 45682.590 Thread 0x000001ff10978cf0 DEOPT PACKING pc=0x000001ff04469701 sp=0x000000a077ffee50
Event: 45682.590 Thread 0x000001ff10978cf0 DEOPT UNPACKING pc=0x000001ff04012b43 sp=0x000000a077ffe2e0 mode 3
Event: 45682.590 Thread 0x000001ff10978cf0 DEOPT PACKING pc=0x000001ff04466617 sp=0x000000a077fff050
Event: 45682.590 Thread 0x000001ff10978cf0 DEOPT UNPACKING pc=0x000001ff04012b43 sp=0x000000a077ffe4a8 mode 3
Event: 45698.265 Thread 0x000001ff106a3190 DEOPT PACKING pc=0x000001ff0444d1d2 sp=0x000000a077bfd9a0
Event: 45698.265 Thread 0x000001ff106a3190 DEOPT UNPACKING pc=0x000001ff04012b43 sp=0x000000a077bfcea8 mode 3
Event: 45699.688 Thread 0x000001ff106a3190 DEOPT PACKING pc=0x000001ff04aa1374 sp=0x000000a077bfe210
Event: 45699.688 Thread 0x000001ff106a3190 DEOPT UNPACKING pc=0x000001ff04012b43 sp=0x000000a077bfd708 mode 0
Event: 45699.688 Thread 0x000001ff106a3190 DEOPT PACKING pc=0x000001ff04ab9c74 sp=0x000000a077bfe2e0
Event: 45699.688 Thread 0x000001ff106a3190 DEOPT UNPACKING pc=0x000001ff04012b43 sp=0x000000a077bfd7b8 mode 0
Event: 45699.688 Thread 0x000001ff106a3190 DEOPT PACKING pc=0x000001ff04a5aca4 sp=0x000000a077bfe390
Event: 45699.688 Thread 0x000001ff106a3190 DEOPT UNPACKING pc=0x000001ff04012b43 sp=0x000000a077bfd910 mode 0
Event: 45699.690 Thread 0x000001ff106a3190 DEOPT PACKING pc=0x000001ff04a84b2c sp=0x000000a077bfe690
Event: 45699.690 Thread 0x000001ff106a3190 DEOPT UNPACKING pc=0x000001ff04012b43 sp=0x000000a077bfdb20 mode 0
Event: 45706.023 Thread 0x000001ff108a7c70 DEOPT PACKING pc=0x000001ff04166235 sp=0x000000a0774fd880
Event: 45706.023 Thread 0x000001ff108a7c70 DEOPT UNPACKING pc=0x000001ff04012b43 sp=0x000000a0774fcda8 mode 3
Event: 52449.570 Thread 0x000001ff108a8140 DEOPT PACKING pc=0x000001ff0459a854 sp=0x000000a0786fec70
Event: 52449.574 Thread 0x000001ff108a8140 DEOPT UNPACKING pc=0x000001ff04012b43 sp=0x000000a0786fe118 mode 0

Classes unloaded (20 events):
Event: 45773.597 Thread 0x000001ff0e0c5590 Unloading class 0x0000000100388000 'java/lang/invoke/LambdaForm$MH+0x0000000100388000'
Event: 45773.597 Thread 0x000001ff0e0c5590 Unloading class 0x0000000100338400 'java/lang/invoke/LambdaForm$MH+0x0000000100338400'
Event: 45773.597 Thread 0x000001ff0e0c5590 Unloading class 0x0000000100312000 'java/lang/invoke/LambdaForm$MH+0x0000000100312000'
Event: 45773.597 Thread 0x000001ff0e0c5590 Unloading class 0x0000000100311c00 'java/lang/invoke/LambdaForm$MH+0x0000000100311c00'
Event: 45773.597 Thread 0x000001ff0e0c5590 Unloading class 0x0000000100311800 'java/lang/invoke/LambdaForm$MH+0x0000000100311800'
Event: 45773.597 Thread 0x000001ff0e0c5590 Unloading class 0x0000000100311400 'java/lang/invoke/LambdaForm$MH+0x0000000100311400'
Event: 45773.597 Thread 0x000001ff0e0c5590 Unloading class 0x00000001001a1800 'java/lang/invoke/LambdaForm$MH+0x00000001001a1800'
Event: 45773.597 Thread 0x000001ff0e0c5590 Unloading class 0x00000001001a1400 'java/lang/invoke/LambdaForm$MH+0x00000001001a1400'
Event: 45773.597 Thread 0x000001ff0e0c5590 Unloading class 0x00000001001a1000 'java/lang/invoke/LambdaForm$MH+0x00000001001a1000'
Event: 45773.597 Thread 0x000001ff0e0c5590 Unloading class 0x00000001001a0c00 'java/lang/invoke/LambdaForm$MH+0x00000001001a0c00'
Event: 45773.597 Thread 0x000001ff0e0c5590 Unloading class 0x00000001001a0800 'java/lang/invoke/LambdaForm$MH+0x00000001001a0800'
Event: 45773.597 Thread 0x000001ff0e0c5590 Unloading class 0x00000001001a0000 'java/lang/invoke/LambdaForm$MH+0x00000001001a0000'
Event: 45773.597 Thread 0x000001ff0e0c5590 Unloading class 0x00000001000c8000 'java/lang/invoke/LambdaForm$MH+0x00000001000c8000'
Event: 53419.740 Thread 0x000001ff0e0c5590 Unloading class 0x00000001005e8000 'java/lang/invoke/LambdaForm$MH+0x00000001005e8000'
Event: 53419.740 Thread 0x000001ff0e0c5590 Unloading class 0x00000001005e3c00 'java/lang/invoke/LambdaForm$MH+0x00000001005e3c00'
Event: 53419.740 Thread 0x000001ff0e0c5590 Unloading class 0x00000001005e3800 'java/lang/invoke/LambdaForm$MH+0x00000001005e3800'
Event: 53419.740 Thread 0x000001ff0e0c5590 Unloading class 0x00000001000c9000 'java/lang/invoke/LambdaForm$MH+0x00000001000c9000'
Event: 53419.740 Thread 0x000001ff0e0c5590 Unloading class 0x00000001005d4000 'java/lang/invoke/LambdaForm$MH+0x00000001005d4000'
Event: 53419.740 Thread 0x000001ff0e0c5590 Unloading class 0x00000001005e0400 'java/lang/invoke/LambdaForm$MH+0x00000001005e0400'
Event: 53419.740 Thread 0x000001ff0e0c5590 Unloading class 0x00000001005e2800 'java/lang/invoke/LambdaForm$MH+0x00000001005e2800'

Classes redefined (0 events):
No events

Internal exceptions (20 events):
Event: 45697.455 Thread 0x000001ff108a8610 Exception <a 'sun/nio/fs/WindowsException'{0x00000000a540a670}> (0x00000000a540a670) 
thrown [e:\jenkins\tmp\workspace\build\src\src\hotspot\share\prims\jni.cpp, line 516]
Event: 45697.455 Thread 0x000001ff108a8610 Exception <a 'sun/nio/fs/WindowsException'{0x00000000a540aa50}> (0x00000000a540aa50) 
thrown [e:\jenkins\tmp\workspace\build\src\src\hotspot\share\prims\jni.cpp, line 516]
Event: 45697.455 Thread 0x000001ff108a8610 Exception <a 'sun/nio/fs/WindowsException'{0x00000000a540b488}> (0x00000000a540b488) 
thrown [e:\jenkins\tmp\workspace\build\src\src\hotspot\share\prims\jni.cpp, line 516]
Event: 45697.455 Thread 0x000001ff108a8610 Exception <a 'sun/nio/fs/WindowsException'{0x00000000a540b878}> (0x00000000a540b878) 
thrown [e:\jenkins\tmp\workspace\build\src\src\hotspot\share\prims\jni.cpp, line 516]
Event: 45697.456 Thread 0x000001ff108a8610 Exception <a 'sun/nio/fs/WindowsException'{0x00000000a540c2a8}> (0x00000000a540c2a8) 
thrown [e:\jenkins\tmp\workspace\build\src\src\hotspot\share\prims\jni.cpp, line 516]
Event: 45697.456 Thread 0x000001ff108a8610 Exception <a 'sun/nio/fs/WindowsException'{0x00000000a540c698}> (0x00000000a540c698) 
thrown [e:\jenkins\tmp\workspace\build\src\src\hotspot\share\prims\jni.cpp, line 516]
Event: 45697.489 Thread 0x000001ff108a8610 Exception <a 'java/lang/NoSuchMethodError'{0x00000000a5414c90}: 'java.lang.Object java.lang.invoke.Invokers$Holder.invoke_MT(java.lang.Object, java.lang.Object, java.lang.Object)'> (0x00000000a5414c90) 
thrown [e:\jenkins\tmp\workspace\build\src\src\hotspot\share\interpreter\linkResolver.cpp, line 766]
Event: 45697.898 Thread 0x000001ff106a3190 Exception <a 'java/lang/NoSuchMethodError'{0x00000000a5569848}: 'void java.lang.invoke.DirectMethodHandle$Holder.invokeStatic(java.lang.Object, java.lang.Object, java.lang.Object, java.lang.Object, java.lang.Object, java.lang.Object)'> (0x00000000a5569848) 
thrown [e:\jenkins\tmp\workspace\build\src\src\hotspot\share\interpreter\linkResolver.cpp, line 766]
Event: 45706.010 Thread 0x000001ff108a8140 Exception <a 'java/lang/NoSuchMethodError'{0x000000009ac35518}: 'java.lang.Object java.lang.invoke.DirectMethodHandle$Holder.invokeStatic(java.lang.Object, java.lang.Object, java.lang.Object, int, java.lang.Object, java.lang.Object)'> (0x000000009ac35518) 
thrown [e:\jenkins\tmp\workspace\build\src\src\hotspot\share\interpreter\linkResolver.cpp, line 766]
Event: 45706.026 Thread 0x000001ff108a7c70 Exception <a 'java/lang/NoSuchMethodError'{0x000000009acbe210}: 'java.lang.Object java.lang.invoke.DirectMethodHandle$Holder.invokeStatic(java.lang.Object, int, java.lang.Object)'> (0x000000009acbe210) 
thrown [e:\jenkins\tmp\workspace\build\src\src\hotspot\share\interpreter\linkResolver.cpp, line 766]
Event: 45706.290 Thread 0x000001ff10db8700 Exception <a 'java/lang/NoSuchMethodError'{0x000000009a6b9c98}: 'int java.lang.invoke.DirectMethodHandle$Holder.invokeStatic(java.lang.Object)'> (0x000000009a6b9c98) 
thrown [e:\jenkins\tmp\workspace\build\src\src\hotspot\share\interpreter\linkResolver.cpp, line 766]
Event: 45706.291 Thread 0x000001ff10db8700 Exception <a 'java/lang/NoSuchMethodError'{0x000000009a6bd148}: 'int java.lang.invoke.DirectMethodHandle$Holder.invokeStaticInit(java.lang.Object)'> (0x000000009a6bd148) 
thrown [e:\jenkins\tmp\workspace\build\src\src\hotspot\share\interpreter\linkResolver.cpp, line 766]
Event: 45706.375 Thread 0x000001ff108a8140 Exception <a 'java/lang/NoSuchMethodError'{0x000000009aae4828}: 'int java.lang.invoke.DirectMethodHandle$Holder.invokeVirtual(java.lang.Object, java.lang.Object)'> (0x000000009aae4828) 
thrown [e:\jenkins\tmp\workspace\build\src\src\hotspot\share\interpreter\linkResolver.cpp, line 766]
Event: 45742.081 Thread 0x000001ff108d0d80 Exception <a 'java/lang/NoSuchMethodError'{0x000000009ad9f038}: 'void java.lang.invoke.DirectMethodHandle$Holder.invokeStatic(java.lang.Object, long)'> (0x000000009ad9f038) 
thrown [e:\jenkins\tmp\workspace\build\src\src\hotspot\share\interpreter\linkResolver.cpp, line 766]
Event: 45742.082 Thread 0x000001ff108d0d80 Exception <a 'java/lang/NoSuchMethodError'{0x000000009ada43e0}: 'java.lang.Object java.lang.invoke.DirectMethodHandle$Holder.newInvokeSpecial(java.lang.Object, long)'> (0x000000009ada43e0) 
thrown [e:\jenkins\tmp\workspace\build\src\src\hotspot\share\interpreter\linkResolver.cpp, line 766]
Event: 45742.084 Thread 0x000001ff108d0d80 Exception <a 'java/lang/NoSuchMethodError'{0x000000009adaae48}: 'java.lang.Object java.lang.invoke.DirectMethodHandle$Holder.invokeStatic(java.lang.Object, java.lang.Object, long, java.lang.Object)'> (0x000000009adaae48) 
thrown [e:\jenkins\tmp\workspace\build\src\src\hotspot\share\interpreter\linkResolver.cpp, line 766]
Event: 45742.085 Thread 0x000001ff108d0d80 Exception <a 'java/lang/NoSuchMethodError'{0x000000009adae620}: 'java.lang.Object java.lang.invoke.DirectMethodHandle$Holder.invokeStaticInit(java.lang.Object, java.lang.Object, long, java.lang.Object)'> (0x000000009adae620) 
thrown [e:\jenkins\tmp\workspace\build\src\src\hotspot\share\interpreter\linkResolver.cpp, line 766]
Event: 45742.085 Thread 0x000001ff108d0d80 Exception <a 'java/lang/NoSuchMethodError'{0x000000009adb4950}: 'java.lang.Object java.lang.invoke.DirectMethodHandle$Holder.newInvokeSpecial(java.lang.Object, java.lang.Object, long)'> (0x000000009adb4950) 
thrown [e:\jenkins\tmp\workspace\build\src\src\hotspot\share\interpreter\linkResolver.cpp, line 766]
Event: 45742.086 Thread 0x000001ff108d0d80 Exception <a 'java/lang/NoSuchMethodError'{0x000000009adb84c0}: 'java.lang.Object java.lang.invoke.Invokers$Holder.linkToTargetMethod(java.lang.Object, long, java.lang.Object)'> (0x000000009adb84c0) 
thrown [e:\jenkins\tmp\workspace\build\src\src\hotspot\share\interpreter\linkResolver.cpp, line 766]
Event: 53283.480 Thread 0x000001ff10dbca60 Exception <a 'java/lang/NoSuchMethodError'{0x000000008698d0d8}: 'java.lang.Object java.lang.invoke.DirectMethodHandle$Holder.invokeStatic(java.lang.Object, java.lang.Object, java.lang.Object, java.lang.Object, int)'> (0x000000008698d0d8) 
thrown [e:\jenkins\tmp\workspace\build\src\src\hotspot\share\interpreter\linkResolver.cpp, line 766]

VM Operations (20 events):
Event: 71413.140 Executing VM operation: G1CollectFull done
Event: 71423.635 Executing VM operation: G1CollectFull
Event: 71423.694 Executing VM operation: G1CollectFull done
Event: 71434.213 Executing VM operation: G1CollectFull
Event: 71434.286 Executing VM operation: G1CollectFull done
Event: 71444.777 Executing VM operation: G1CollectFull
Event: 71444.839 Executing VM operation: G1CollectFull done
Event: 71455.837 Executing VM operation: G1CollectFull
Event: 71455.900 Executing VM operation: G1CollectFull done
Event: 71466.593 Executing VM operation: G1CollectFull
Event: 71466.653 Executing VM operation: G1CollectFull done
Event: 71477.242 Executing VM operation: G1CollectFull
Event: 71477.302 Executing VM operation: G1CollectFull done
Event: 71487.832 Executing VM operation: G1CollectFull
Event: 71487.903 Executing VM operation: G1CollectFull done
Event: 71498.618 Executing VM operation: G1CollectFull
Event: 71498.686 Executing VM operation: G1CollectFull done
Event: 71509.547 Executing VM operation: G1CollectFull
Event: 71509.616 Executing VM operation: G1CollectFull done
Event: 71519.713 Executing VM operation: G1CollectFull

Events (20 events):
Event: 53241.046 loading class java/util/concurrent/CompletableFuture$UniApply done
Event: 53241.079 Thread 0x000001ff10dbc590 Thread added: 0x000001ff10dbc590
Event: 53241.081 Thread 0x000001ff10dbb250 Thread added: 0x000001ff10dbb250
Event: 53241.147 Thread 0x000001ff10dbd400 Thread added: 0x000001ff10dbd400
Event: 53241.147 loading class java/util/concurrent/CompletableFuture$UniRelay
Event: 53241.152 loading class java/util/concurrent/CompletableFuture$UniRelay done
Event: 53241.177 Thread 0x000001ff10dbca60 Thread added: 0x000001ff10dbca60
Event: 53301.182 Thread 0x000001ff10dbc590 Thread exited: 0x000001ff10dbc590
Event: 53360.265 loading class java/util/concurrent/CompletableFuture$Signaller
Event: 53360.273 loading class java/util/concurrent/CompletableFuture$Signaller done
Event: 53425.327 Thread 0x000001ff10dbca60 Thread exited: 0x000001ff10dbca60
Event: 53431.640 Thread 0x000001ff10dbd400 Thread exited: 0x000001ff10dbd400
Event: 53431.641 Thread 0x000001ff10dbb250 Thread exited: 0x000001ff10dbb250
Event: 53491.642 Thread 0x000001ff10dbcf30 Thread exited: 0x000001ff10dbcf30
Event: 53515.003 Thread 0x000001ff10dbc590 Thread added: 0x000001ff10dbc590
Event: 53583.307 Thread 0x000001ff10dbc590 Thread exited: 0x000001ff10dbc590
Event: 53744.311 Thread 0x000001ff10dba8b0 Thread added: 0x000001ff10dba8b0
Event: 53744.375 Thread 0x000001ff10db73c0 Thread added: 0x000001ff10db73c0
Event: 53804.445 Thread 0x000001ff10dba8b0 Thread exited: 0x000001ff10dba8b0
Event: 53804.820 Thread 0x000001ff10db73c0 Thread exited: 0x000001ff10db73c0


Dynamic libraries:
0x00007ff607fa0000 - 0x00007ff607fae000 	c:\Users\lenovo\.vscode\extensions\redhat.java-1.9.0-win32-x64\jre\17.0.3-win32-x86_64\bin\java.exe
0x00007ffe187b0000 - 0x00007ffe189a8000 	C:\Windows\SYSTEM32\ntdll.dll
0x00007ffe118c0000 - 0x00007ffe118d7000 	C:\Program Files\Avast Software\Avast\aswhook.dll
0x00007ffe18580000 - 0x00007ffe1863d000 	C:\Windows\System32\KERNEL32.DLL
0x00007ffe15f80000 - 0x00007ffe1624e000 	C:\Windows\System32\KERNELBASE.dll
0x00007ffe165b0000 - 0x00007ffe166b0000 	C:\Windows\System32\ucrtbase.dll
0x00007ffde8240000 - 0x00007ffde8259000 	c:\Users\lenovo\.vscode\extensions\redhat.java-1.9.0-win32-x64\jre\17.0.3-win32-x86_64\bin\VCRUNTIME140.dll
0x00007ffde2090000 - 0x00007ffde20a8000 	c:\Users\lenovo\.vscode\extensions\redhat.java-1.9.0-win32-x64\jre\17.0.3-win32-x86_64\bin\jli.dll
0x00007ffe18230000 - 0x00007ffe183d0000 	C:\Windows\System32\USER32.dll
0x00007ffe16510000 - 0x00007ffe16532000 	C:\Windows\System32\win32u.dll
0x00007ffe17130000 - 0x00007ffe1715a000 	C:\Windows\System32\GDI32.dll
0x00007ffe16700000 - 0x00007ffe1680b000 	C:\Windows\System32\gdi32full.dll
0x00007ffe16470000 - 0x00007ffe1650d000 	C:\Windows\System32\msvcp_win.dll
0x00007ffe11230000 - 0x00007ffe114ca000 	C:\Windows\WinSxS\amd64_microsoft.windows.common-controls_6595b64144ccf1df_6.0.19041.1110_none_60b5254171f9507e\COMCTL32.dll
0x00007ffe18640000 - 0x00007ffe186de000 	C:\Windows\System32\msvcrt.dll
0x00007ffe17c50000 - 0x00007ffe17c80000 	C:\Windows\System32\IMM32.DLL
0x00007ffe00110000 - 0x00007ffe0011c000 	c:\Users\lenovo\.vscode\extensions\redhat.java-1.9.0-win32-x64\jre\17.0.3-win32-x86_64\bin\vcruntime140_1.dll
0x00007ffdc6460000 - 0x00007ffdc64f1000 	c:\Users\lenovo\.vscode\extensions\redhat.java-1.9.0-win32-x64\jre\17.0.3-win32-x86_64\bin\msvcp140.dll
0x00007ffd9ad30000 - 0x00007ffd9b978000 	c:\Users\lenovo\.vscode\extensions\redhat.java-1.9.0-win32-x64\jre\17.0.3-win32-x86_64\bin\server\jvm.dll
0x00007ffe16f70000 - 0x00007ffe1701e000 	C:\Windows\System32\ADVAPI32.dll
0x00007ffe17020000 - 0x00007ffe170bc000 	C:\Windows\System32\sechost.dll
0x00007ffe17fa0000 - 0x00007ffe180c5000 	C:\Windows\System32\RPCRT4.dll
0x00007ffe16810000 - 0x00007ffe16818000 	C:\Windows\System32\PSAPI.DLL
0x00007ffe04c70000 - 0x00007ffe04c79000 	C:\Windows\SYSTEM32\WSOCK32.dll
0x00007ffe170c0000 - 0x00007ffe1712b000 	C:\Windows\System32\WS2_32.dll
0x00007ffe02dd0000 - 0x00007ffe02df7000 	C:\Windows\SYSTEM32\WINMM.dll
0x00007ffe0e990000 - 0x00007ffe0e99a000 	C:\Windows\SYSTEM32\VERSION.dll
0x00007ffe13d90000 - 0x00007ffe13da2000 	C:\Windows\SYSTEM32\kernel.appcore.dll
0x00007ffdff3a0000 - 0x00007ffdff3aa000 	c:\Users\lenovo\.vscode\extensions\redhat.java-1.9.0-win32-x64\jre\17.0.3-win32-x86_64\bin\jimage.dll
0x00007ffe0e640000 - 0x00007ffe0e824000 	C:\Windows\SYSTEM32\DBGHELP.DLL
0x00007ffe0e8c0000 - 0x00007ffe0e8ec000 	C:\Windows\SYSTEM32\dbgcore.DLL
0x00007ffe16280000 - 0x00007ffe16302000 	C:\Windows\System32\bcryptPrimitives.dll
0x00007ffdce730000 - 0x00007ffdce755000 	c:\Users\lenovo\.vscode\extensions\redhat.java-1.9.0-win32-x64\jre\17.0.3-win32-x86_64\bin\java.dll
0x00007ffde2070000 - 0x00007ffde2088000 	c:\Users\lenovo\.vscode\extensions\redhat.java-1.9.0-win32-x64\jre\17.0.3-win32-x86_64\bin\zip.dll
0x00007ffe16820000 - 0x00007ffe16f64000 	C:\Windows\System32\SHELL32.dll
0x00007ffe13f90000 - 0x00007ffe14724000 	C:\Windows\SYSTEM32\windows.storage.dll
0x00007ffe178f0000 - 0x00007ffe17c44000 	C:\Windows\System32\combase.dll
0x00007ffe15930000 - 0x00007ffe15960000 	C:\Windows\SYSTEM32\Wldp.dll
0x00007ffe17da0000 - 0x00007ffe17e4d000 	C:\Windows\System32\SHCORE.dll
0x00007ffe180d0000 - 0x00007ffe18125000 	C:\Windows\System32\shlwapi.dll
0x00007ffe15e10000 - 0x00007ffe15e2f000 	C:\Windows\SYSTEM32\profapi.dll
0x00007ffde2050000 - 0x00007ffde2069000 	C:\Users\lenovo\.vscode\extensions\redhat.java-1.9.0-win32-x64\jre\17.0.3-win32-x86_64\bin\net.dll
0x00007ffe0d030000 - 0x00007ffe0d13a000 	C:\Windows\SYSTEM32\WINHTTP.dll
0x00007ffe15690000 - 0x00007ffe156fa000 	C:\Windows\system32\mswsock.dll
0x00007ffdd5ed0000 - 0x00007ffdd5ee5000 	C:\Users\lenovo\.vscode\extensions\redhat.java-1.9.0-win32-x64\jre\17.0.3-win32-x86_64\bin\nio.dll
0x00007ffdf0ca0000 - 0x00007ffdf0cb0000 	c:\Users\lenovo\.vscode\extensions\redhat.java-1.9.0-win32-x64\jre\17.0.3-win32-x86_64\bin\verify.dll
0x00007ffe10080000 - 0x00007ffe10089000 	C:\Users\lenovo\.vscode\extensions\redhat.java-1.9.0-win32-x64\jre\17.0.3-win32-x86_64\bin\management.dll
0x00007ffdee470000 - 0x00007ffdee47b000 	C:\Users\lenovo\.vscode\extensions\redhat.java-1.9.0-win32-x64\jre\17.0.3-win32-x86_64\bin\management_ext.dll
0x00007ffdf8cd0000 - 0x00007ffdf8ce7000 	C:\Windows\system32\napinsp.dll
0x00007ffdf8cb0000 - 0x00007ffdf8ccb000 	C:\Windows\system32\pnrpnsp.dll
0x00007ffdf8c90000 - 0x00007ffdf8ca5000 	C:\Windows\system32\wshbth.dll
0x00007ffe0fdd0000 - 0x00007ffe0fded000 	C:\Windows\system32\NLAapi.dll
0x00007ffe15330000 - 0x00007ffe1536b000 	C:\Windows\SYSTEM32\IPHLPAPI.DLL
0x00007ffe15370000 - 0x00007ffe1543a000 	C:\Windows\SYSTEM32\DNSAPI.dll
0x00007ffe176a0000 - 0x00007ffe176a8000 	C:\Windows\System32\NSI.dll
0x00007ffdf7ff0000 - 0x00007ffdf8002000 	C:\Windows\System32\winrnr.dll
0x00007ffe0c790000 - 0x00007ffe0c79a000 	C:\Windows\System32\rasadhlp.dll
0x00007ffe0c830000 - 0x00007ffe0c8b0000 	C:\Windows\System32\fwpuclnt.dll
0x00007ffe16250000 - 0x00007ffe16277000 	C:\Windows\System32\bcrypt.dll
0x00007ffe15880000 - 0x00007ffe15898000 	C:\Windows\SYSTEM32\CRYPTSP.dll
0x00007ffe14f70000 - 0x00007ffe14fa4000 	C:\Windows\system32\rsaenh.dll
0x00007ffe15dd0000 - 0x00007ffe15dfe000 	C:\Windows\SYSTEM32\USERENV.dll
0x00007ffe158a0000 - 0x00007ffe158ac000 	C:\Windows\SYSTEM32\CRYPTBASE.dll
0x00007ffe0f940000 - 0x00007ffe0f957000 	C:\Windows\SYSTEM32\dhcpcsvc6.DLL
0x00007ffe0f920000 - 0x00007ffe0f93d000 	C:\Windows\SYSTEM32\dhcpcsvc.DLL

dbghelp: loaded successfully - version: 4.0.5 - missing functions: none
symbol engine: initialized successfully - sym options: 0x614 - pdb path: .;c:\Users\lenovo\.vscode\extensions\redhat.java-1.9.0-win32-x64\jre\17.0.3-win32-x86_64\bin;C:\Windows\SYSTEM32;C:\Program Files\Avast Software\Avast;C:\Windows\WinSxS\amd64_microsoft.windows.common-controls_6595b64144ccf1df_6.0.19041.1110_none_60b5254171f9507e;c:\Users\lenovo\.vscode\extensions\redhat.java-1.9.0-win32-x64\jre\17.0.3-win32-x86_64\bin\server

VM Arguments:
jvm_args: -Dsts.lsp.client=vscode -Dsts.log.file=/dev/null -XX:TieredStopAtLevel=1 -Dspring.config.location=file:c:\Users\lenovo\.vscode\extensions\pivotal.vscode-spring-boot-1.38.0\language-server\BOOT-INF\classes\application.properties 
java_command: org.springframework.ide.vscode.boot.app.BootLanguageServerBootApp
java_class_path (initial): c:\Users\lenovo\.vscode\extensions\pivotal.vscode-spring-boot-1.38.0\language-server\BOOT-INF\classes;c:\Users\lenovo\.vscode\extensions\pivotal.vscode-spring-boot-1.38.0\language-server\BOOT-INF\lib\annotations-23.0.0.jar;c:\Users\lenovo\.vscode\extensions\pivotal.vscode-spring-boot-1.38.0\language-server\BOOT-INF\lib\antlr-runtime-3.5.2.jar;c:\Users\lenovo\.vscode\extensions\pivotal.vscode-spring-boot-1.38.0\language-server\BOOT-INF\lib\antlr4-4.9.3.jar;c:\Users\lenovo\.vscode\extensions\pivotal.vscode-spring-boot-1.38.0\language-server\BOOT-INF\lib\antlr4-runtime-4.9.3.jar;c:\Users\lenovo\.vscode\extensions\pivotal.vscode-spring-boot-1.38.0\language-server\BOOT-INF\lib\asm-9.3.jar;c:\Users\lenovo\.vscode\extensions\pivotal.vscode-spring-boot-1.38.0\language-server\BOOT-INF\lib\asm-analysis-9.3.jar;c:\Users\lenovo\.vscode\extensions\pivotal.vscode-spring-boot-1.38.0\language-server\BOOT-INF\lib\asm-tree-9.3.jar;c:\Users\lenovo\.vscode\extensions\pivotal.vscode-spring-boot-1.38.0\language-server\BOOT-INF\lib\asm-util-9.3.jar;c:\Users\lenovo\.vscode\extensions\pivotal.vscode-spring-boot-1.38.0\language-server\BOOT-INF\lib\byte-buddy-1.10.18.jar;c:\Users\lenovo\.vscode\extensions\pivotal.vscode-spring-boot-1.38.0\language-server\BOOT-INF\lib\caffeine-2.8.6.jar;c:\Users\lenovo\.vscode\extensions\pivotal.vscode-spring-boot-1.38.0\language-server\BOOT-INF\lib\checker-qual-3.12.0.jar;c:\Users\lenovo\.vscode\extensions\pivotal.vscode-spring-boot-1.38.0\language-server\BOOT-INF\lib\classgraph-4.8.149.jar;c:\Users\lenovo\.vscode\extensions\pivotal.vscode-spring-boot-1.38.0\language-server\BOOT-INF\lib\commons-codec-1.14.jar;c:\Users\lenovo\.vscode\extensions\pivotal.vscode-spring-boot-1.38.0\language-server\BOOT-INF\lib\commons-compress-1.21.jar;c:\Users\lenovo\.vscode\extensions\pivotal.vscode-spring-boot-1.38.0\language-server\BOOT-INF\lib\commons-exec-1.3.jar;c:\Users\lenovo\.vscode\extensions\pivotal.vscode-spring-boot-1.38.0\language-server
Launcher Type: SUN_STANDARD

[Global flags]
     intx CICompilerCount                          = 3                                         {product} {ergonomic}
     uint ConcGCThreads                            = 1                                         {product} {ergonomic}
     uint G1ConcRefinementThreads                  = 4                                         {product} {ergonomic}
   size_t G1HeapRegionSize                         = 1048576                                   {product} {ergonomic}
    uintx GCDrainStackTargetSize                   = 64                                        {product} {ergonomic}
   size_t InitialHeapSize                          = 134217728                                 {product} {ergonomic}
   size_t MarkStackSize                            = 4194304                                   {product} {ergonomic}
   size_t MaxHeapSize                              = 2116026368                                {product} {ergonomic}
   size_t MaxNewSize                               = 1268776960                                {product} {ergonomic}
   size_t MinHeapDeltaBytes                        = 1048576                                   {product} {ergonomic}
   size_t MinHeapSize                              = 8388608                                   {product} {ergonomic}
    uintx NonProfiledCodeHeapSize                  = 0                                      {pd product} {ergonomic}
     bool ProfileInterpreter                       = false                                  {pd product} {command line}
    uintx ProfiledCodeHeapSize                     = 0                                      {pd product} {ergonomic}
   size_t SoftMaxHeapSize                          = 2116026368                             {manageable} {ergonomic}
     intx TieredStopAtLevel                        = 1                                         {product} {command line}
     bool UseCompressedClassPointers               = true                           {product lp64_product} {ergonomic}
     bool UseCompressedOops                        = true                           {product lp64_product} {ergonomic}
     bool UseG1GC                                  = true                                      {product} {ergonomic}
     bool UseLargePagesIndividualAllocation        = false                                  {pd product} {ergonomic}

Logging:
Log output configuration:
 #0: stdout all=warning uptime,level,tags
 #1: stderr all=off uptime,level,tags

Environment Variables:
CLASSPATH=C:\Users\lenovo\Downloads\mysql-connector-java-8.0.29\mysql-connector-java-8.0.29\mysql-connector-java-8.0.29.jar
PATH=C:\Windows\system32;C:\Windows;C:\Windows\System32\Wbem;C:\Windows\System32\WindowsPowerShell\v1.0\;C:\Windows\System32\OpenSSH\;C:\Program Files\swipl\bin;C:\Program Files\Intel\WiFi\bin\;C:\Program Files\Common Files\Intel\WirelessCommon\;C:\Program Files\Git\cmd;C:\Program Files\Notepad++;C:\Program Files\apache-maven-3.8.6-bin\apache-maven-3.8.6\bin;C:\Program Files\Java\jdk-17.0.3.1\bin;C:\Program Files\nodejs\;C:\TDM-GCC-64\bin;C:\Program Files\Docker\Docker\resources\bin;C:\ProgramData\DockerDesktop\version-bin;C:\Users\lenovo\Documents\gradle-7.5.1-bin\gradle-7.5.1\bin;C:\Program Files\MySQL\MySQL Shell 8.0\bin\;C:\Users\lenovo\AppData\Local\Programs\Python\Python39\Scripts\;C:\Users\lenovo\AppData\Local\Programs\Python\Python39\;C:\Users\lenovo\AppData\Local\Microsoft\WindowsApps;C:\Program Files\Intel\WiFi\bin\;C:\Program Files\Common Files\Intel\WirelessCommon\;C:\Users\lenovo\AppData\Roaming\npm;C:\Users\lenovo\AppData\Local\Programs\Microsoft VS Code\bin;C:\Program Files\MongoDB\Server\5.0\bin;C:\Users\lenovo\AppData\Local\atom\bin;C:\Users\lenovo\Documents\gradle-7.5.1-bin\gradle-7.5.1\bin;
USERNAME=lenovo
OS=Windows_NT
PROCESSOR_IDENTIFIER=Intel64 Family 6 Model 69 Stepping 1, GenuineIntel



---------------  S Y S T E M  ---------------

OS:
 Windows 10 , 64 bit Build 19041 (10.0.19041.1889)
OS uptime: 8 days 7:29 hours
Hyper-V role detected

CPU: total 4 (initial active 4) (2 cores per cpu, 2 threads per core) family 6 model 69 stepping 1 microcode 0x26, cx8, cmov, fxsr, ht, mmx, sse, sse2, sse3, ssse3, sse4.1, sse4.2, popcnt, lzcnt, tsc, tscinvbit, avx, avx2, aes, erms, clmul, bmi1, bmi2, fma, vzeroupper, clflush, hv

Memory: 4k page, system-wide physical 8070M (1143M free)
TotalPageFile size 32646M (AvailPageFile size 3M)
current process WorkingSet (physical memory assigned to process): 53M, peak: 642M
current process commit charge ("private bytes"): 211M, peak: 764M

vm_info: OpenJDK 64-Bit Server VM (17.0.3+7) for windows-amd64 JRE (17.0.3+7), built on Apr 19 2022 16:55:35 by "" with MS VC++ 16.7 (VS2019)

END.
